E:\Env_dir\GitHub_dir\first_dir\proj.win32\Debug.win32\CCPhysicsDebugNode.obj
E:\Env_dir\GitHub_dir\first_dir\proj.win32\Debug.win32\CCPhysicsSprite.obj
E:\Env_dir\GitHub_dir\first_dir\proj.win32\Debug.win32\cl.command.1.tlog
E:\Env_dir\GitHub_dir\first_dir\proj.win32\Debug.win32\CL.read.1.tlog
E:\Env_dir\GitHub_dir\first_dir\proj.win32\Debug.win32\CL.write.1.tlog
E:\Env_dir\GitHub_dir\first_dir\proj.win32\Debug.win32\link.1956.read.1.tlog
E:\Env_dir\GitHub_dir\first_dir\proj.win32\Debug.win32\link.1956.write.1.tlog
E:\Env_dir\GitHub_dir\first_dir\proj.win32\Debug.win32\link.1956-cvtres.read.1.tlog
E:\Env_dir\GitHub_dir\first_dir\proj.win32\Debug.win32\link.1956-cvtres.write.1.tlog
E:\Env_dir\GitHub_dir\first_dir\proj.win32\Debug.win32\link.3536.read.1.tlog
E:\Env_dir\GitHub_dir\first_dir\proj.win32\Debug.win32\link.3536.write.1.tlog
E:\Env_dir\GitHub_dir\first_dir\proj.win32\Debug.win32\link.3536-cvtres.read.1.tlog
E:\Env_dir\GitHub_dir\first_dir\proj.win32\Debug.win32\link.3536-cvtres.write.1.tlog
E:\Env_dir\GitHub_dir\first_dir\proj.win32\Debug.win32\link.4704.read.1.tlog
E:\Env_dir\GitHub_dir\first_dir\proj.win32\Debug.win32\link.4704.write.1.tlog
E:\Env_dir\GitHub_dir\first_dir\proj.win32\Debug.win32\link.4704-cvtres.read.1.tlog
E:\Env_dir\GitHub_dir\first_dir\proj.win32\Debug.win32\link.4704-cvtres.write.1.tlog
E:\Env_dir\GitHub_dir\first_dir\proj.win32\Debug.win32\link.command.1.tlog
E:\Env_dir\GitHub_dir\first_dir\proj.win32\Debug.win32\link.read.1.tlog
E:\Env_dir\GitHub_dir\first_dir\proj.win32\Debug.win32\link.write.1.tlog
E:\Env_dir\GitHub_dir\first_dir\proj.win32\Debug.win32\link-cvtres.read.1.tlog
E:\Env_dir\GitHub_dir\first_dir\proj.win32\Debug.win32\link-cvtres.write.1.tlog
E:\Env_dir\GitHub_dir\first_dir\proj.win32\Debug.win32\main.obj
E:\Env_dir\GitHub_dir\first_dir\proj.win32\Debug.win32\main.res
E:\Env_dir\GitHub_dir\first_dir\proj.win32\Debug.win32\MPApplication.obj
E:\Env_dir\GitHub_dir\first_dir\proj.win32\Debug.win32\MPAudioLayer.obj
E:\Env_dir\GitHub_dir\first_dir\proj.win32\Debug.win32\MPBox2DLayer.obj
E:\Env_dir\GitHub_dir\first_dir\proj.win32\Debug.win32\MPGuiTestLayer.obj
E:\Env_dir\GitHub_dir\first_dir\proj.win32\Debug.win32\MPKeyboard.obj
E:\Env_dir\GitHub_dir\first_dir\proj.win32\Debug.win32\MPLayer.obj
E:\Env_dir\GitHub_dir\first_dir\proj.win32\Debug.win32\MPMapLayer.obj
E:\Env_dir\GitHub_dir\first_dir\proj.win32\Debug.win32\MPScenes.obj
E:\Env_dir\GitHub_dir\first_dir\proj.win32\Debug.win32\MPThanhLayer.obj
E:\Env_dir\GitHub_dir\first_dir\proj.win32\Debug.win32\MPTitleLayer.obj
E:\Env_dir\GitHub_dir\first_dir\proj.win32\Debug.win32\MPTurnerMapLayer.obj
E:\Env_dir\GitHub_dir\first_dir\proj.win32\Debug.win32\mt.command.1.tlog
E:\Env_dir\GitHub_dir\first_dir\proj.win32\Debug.win32\mt.read.1.tlog
E:\Env_dir\GitHub_dir\first_dir\proj.win32\Debug.win32\mt.write.1.tlog
E:\Env_dir\GitHub_dir\first_dir\proj.win32\Debug.win32\proj.win32.exe.embed.manifest
E:\Env_dir\GitHub_dir\first_dir\proj.win32\Debug.win32\proj.win32.exe.embed.manifest.res
E:\Env_dir\GitHub_dir\first_dir\proj.win32\Debug.win32\proj.win32.exe.intermediate.manifest
E:\Env_dir\GitHub_dir\first_dir\proj.win32\Debug.win32\proj.win32.pch
E:\Env_dir\GitHub_dir\first_dir\proj.win32\Debug.win32\proj.win32.vcxprojResolveAssemblyReference.cache
E:\Env_dir\GitHub_dir\first_dir\proj.win32\Debug.win32\proj.win32.write.1.tlog
E:\Env_dir\GitHub_dir\first_dir\proj.win32\Debug.win32\proj.win32_manifest.rc
E:\Env_dir\GitHub_dir\first_dir\proj.win32\Debug.win32\rc.command.1.tlog
E:\Env_dir\GitHub_dir\first_dir\proj.win32\Debug.win32\rc.read.1.tlog
E:\Env_dir\GitHub_dir\first_dir\proj.win32\Debug.win32\rc.write.1.tlog
E:\Env_dir\GitHub_dir\first_dir\proj.win32\Debug.win32\stdafx.obj
E:\Env_dir\GitHub_dir\first_dir\proj.win32\Debug.win32\vc100.idb
E:\Env_dir\GitHub_dir\first_dir\proj.win32\Debug.win32\vc100.pdb
E:\Env_dir\GitHub_dir\first_dir\proj.win32\Debug.win32\VisibleRect.obj
E:\Env_dir\GitHub_dir\first_dir\win32.vs2010\Debug.win32\proj.win32.exe
E:\Env_dir\GitHub_dir\first_dir\win32.vs2010\Debug.win32\proj.win32.ilk
E:\Env_dir\GitHub_dir\first_dir\win32.vs2010\Debug.win32\proj.win32.pdb
E:\ENV_DIR\GITHUB_DIR\MULTIPROJ\PROJ.WIN32\DEBUG.WIN32\CCPHYSICSDEBUGNODE.OBJ
E:\ENV_DIR\GITHUB_DIR\MULTIPROJ\PROJ.WIN32\DEBUG.WIN32\CCPHYSICSSPRITE.OBJ
E:\ENV_DIR\GITHUB_DIR\MULTIPROJ\PROJ.WIN32\DEBUG.WIN32\MAIN.OBJ
E:\ENV_DIR\GITHUB_DIR\MULTIPROJ\PROJ.WIN32\DEBUG.WIN32\MAIN.RES
E:\ENV_DIR\GITHUB_DIR\MULTIPROJ\PROJ.WIN32\DEBUG.WIN32\MPAPPLICATION.OBJ
E:\ENV_DIR\GITHUB_DIR\MULTIPROJ\PROJ.WIN32\DEBUG.WIN32\MPAUDIOLAYER.OBJ
E:\ENV_DIR\GITHUB_DIR\MULTIPROJ\PROJ.WIN32\DEBUG.WIN32\MPBOX2DLAYER.OBJ
E:\ENV_DIR\GITHUB_DIR\MULTIPROJ\PROJ.WIN32\DEBUG.WIN32\MPGUITESTLAYER.OBJ
E:\ENV_DIR\GITHUB_DIR\MULTIPROJ\PROJ.WIN32\DEBUG.WIN32\MPKEYBOARD.OBJ
E:\ENV_DIR\GITHUB_DIR\MULTIPROJ\PROJ.WIN32\DEBUG.WIN32\MPLAYER.OBJ
E:\ENV_DIR\GITHUB_DIR\MULTIPROJ\PROJ.WIN32\DEBUG.WIN32\MPMAPLAYER.OBJ
E:\ENV_DIR\GITHUB_DIR\MULTIPROJ\PROJ.WIN32\DEBUG.WIN32\MPSCENES.OBJ
E:\ENV_DIR\GITHUB_DIR\MULTIPROJ\PROJ.WIN32\DEBUG.WIN32\MPTHANHLAYER.OBJ
E:\ENV_DIR\GITHUB_DIR\MULTIPROJ\PROJ.WIN32\DEBUG.WIN32\MPTITLELAYER.OBJ
E:\ENV_DIR\GITHUB_DIR\MULTIPROJ\PROJ.WIN32\DEBUG.WIN32\MPTURNERMAPLAYER.OBJ
E:\ENV_DIR\GITHUB_DIR\MULTIPROJ\PROJ.WIN32\DEBUG.WIN32\PROJ.WIN32.EXE.EMBED.MANIFEST
E:\ENV_DIR\GITHUB_DIR\MULTIPROJ\PROJ.WIN32\DEBUG.WIN32\PROJ.WIN32.EXE.EMBED.MANIFEST.RES
E:\ENV_DIR\GITHUB_DIR\MULTIPROJ\PROJ.WIN32\DEBUG.WIN32\PROJ.WIN32.EXE.INTERMEDIATE.MANIFEST
E:\ENV_DIR\GITHUB_DIR\MULTIPROJ\PROJ.WIN32\DEBUG.WIN32\PROJ.WIN32.PCH
E:\ENV_DIR\GITHUB_DIR\MULTIPROJ\PROJ.WIN32\DEBUG.WIN32\STDAFX.OBJ
E:\ENV_DIR\GITHUB_DIR\MULTIPROJ\PROJ.WIN32\DEBUG.WIN32\VC100.PDB
E:\ENV_DIR\GITHUB_DIR\MULTIPROJ\PROJ.WIN32\DEBUG.WIN32\VISIBLERECT.OBJ
E:\ENV_DIR\GITHUB_DIR\MULTIPROJ\WIN32.VS2010\DEBUG.WIN32\PROJ.WIN32.EXE
E:\ENV_DIR\GITHUB_DIR\MULTIPROJ\WIN32.VS2010\DEBUG.WIN32\PROJ.WIN32.ILK
E:\ENV_DIR\GITHUB_DIR\MULTIPROJ\WIN32.VS2010\DEBUG.WIN32\PROJ.WIN32.PDB
